  AI.cpp
D:\storageVS2019_data\人机对战五子棋\AI.cpp(227,23): warning C4018: “<”: 有符号/无符号不匹配
D:\storageVS2019_data\人机对战五子棋\AI.cpp(228,27): warning C4018: “<”: 有符号/无符号不匹配
D:\storageVS2019_data\人机对战五子棋\AI.cpp(406,40): warning C4244: “参数”: 从“int”转换到“float”，可能丢失数据
D:\storageVS2019_data\人机对战五子棋\AI.cpp(406,35): warning C4244: “参数”: 从“int”转换到“float”，可能丢失数据
D:\storageVS2019_data\人机对战五子棋\AI.cpp(410,40): warning C4244: “参数”: 从“int”转换到“float”，可能丢失数据
D:\storageVS2019_data\人机对战五子棋\AI.cpp(410,35): warning C4244: “参数”: 从“int”转换到“float”，可能丢失数据
  Chess.cpp
D:\storageVS2019_data\人机对战五子棋\Chess.cpp(29,43): error C2665: “loadimage”: 2 个重载中没有一个可以转换所有参数类型
C:\Program Files (x86)\myDownloadVS2019\VC\Auxiliary\VS\include\easyx.h(258,6): message : 可能是“void loadimage(IMAGE *,LPCTSTR,int,int,bool)”
D:\storageVS2019_data\人机对战五子棋\Chess.cpp(29,43): message : 尝试匹配参数列表“(IMAGE *, const char [21])”时
D:\storageVS2019_data\人机对战五子棋\Chess.cpp(34,32): error C2665: “outtextxy”: 2 个重载中没有一个可以转换所有参数类型
C:\Program Files (x86)\myDownloadVS2019\VC\Auxiliary\VS\include\easyx.h(226,6): message : 可能是“void outtextxy(int,int,TCHAR)”
C:\Program Files (x86)\myDownloadVS2019\VC\Auxiliary\VS\include\easyx.h(225,6): message : 或    “void outtextxy(int,int,LPCTSTR)”
D:\storageVS2019_data\人机对战五子棋\Chess.cpp(34,32): message : 尝试匹配参数列表“(int, int, const char [7])”时
D:\storageVS2019_data\人机对战五子棋\Chess.cpp(104,16): warning C4244: “初始化”: 从“double”转换到“int”，可能丢失数据
D:\storageVS2019_data\人机对战五子棋\Chess.cpp(112,19): warning C4244: “=”: 从“double”转换到“int”，可能丢失数据
D:\storageVS2019_data\人机对战五子棋\Chess.cpp(116,24): warning C4244: “=”: 从“int”转换到“float”，可能丢失数据
D:\storageVS2019_data\人机对战五子棋\Chess.cpp(117,24): warning C4244: “=”: 从“int”转换到“float”，可能丢失数据
D:\storageVS2019_data\人机对战五子棋\Chess.cpp(118,29): warning C4244: “参数”: 从“float”转换到“const unsigned int”，可能丢失数据
D:\storageVS2019_data\人机对战五子棋\Chess.cpp(118,39): warning C4244: “参数”: 从“float”转换到“const unsigned int”，可能丢失数据
D:\storageVS2019_data\人机对战五子棋\Chess.cpp(126,16): warning C4244: “初始化”: 从“float”转换到“int”，可能丢失数据
D:\storageVS2019_data\人机对战五子棋\Chess.cpp(128,19): warning C4244: “=”: 从“double”转换到“int”，可能丢失数据
D:\storageVS2019_data\人机对战五子棋\Chess.cpp(131,24): warning C4244: “=”: 从“int”转换到“float”，可能丢失数据
D:\storageVS2019_data\人机对战五子棋\Chess.cpp(132,28): warning C4244: “=”: 从“int”转换到“float”，可能丢失数据
D:\storageVS2019_data\人机对战五子棋\Chess.cpp(133,29): warning C4244: “参数”: 从“float”转换到“const unsigned int”，可能丢失数据
D:\storageVS2019_data\人机对战五子棋\Chess.cpp(133,39): warning C4244: “参数”: 从“float”转换到“const unsigned int”，可能丢失数据
D:\storageVS2019_data\人机对战五子棋\Chess.cpp(142,26): warning C4244: “=”: 从“float”转换到“int”，可能丢失数据
D:\storageVS2019_data\人机对战五子棋\Chess.cpp(143,19): warning C4244: “=”: 从“double”转换到“int”，可能丢失数据
D:\storageVS2019_data\人机对战五子棋\Chess.cpp(146,28): warning C4244: “=”: 从“int”转换到“float”，可能丢失数据
D:\storageVS2019_data\人机对战五子棋\Chess.cpp(147,24): warning C4244: “=”: 从“int”转换到“float”，可能丢失数据
D:\storageVS2019_data\人机对战五子棋\Chess.cpp(148,29): warning C4244: “参数”: 从“float”转换到“const unsigned int”，可能丢失数据
D:\storageVS2019_data\人机对战五子棋\Chess.cpp(148,39): warning C4244: “参数”: 从“float”转换到“const unsigned int”，可能丢失数据
D:\storageVS2019_data\人机对战五子棋\Chess.cpp(156,26): warning C4244: “=”: 从“float”转换到“int”，可能丢失数据
D:\storageVS2019_data\人机对战五子棋\Chess.cpp(157,26): warning C4244: “=”: 从“float”转换到“int”，可能丢失数据
D:\storageVS2019_data\人机对战五子棋\Chess.cpp(158,19): warning C4244: “=”: 从“double”转换到“int”，可能丢失数据
D:\storageVS2019_data\人机对战五子棋\Chess.cpp(161,28): warning C4244: “=”: 从“int”转换到“float”，可能丢失数据
D:\storageVS2019_data\人机对战五子棋\Chess.cpp(162,28): warning C4244: “=”: 从“int”转换到“float”，可能丢失数据
D:\storageVS2019_data\人机对战五子棋\Chess.cpp(163,29): warning C4244: “参数”: 从“float”转换到“const unsigned int”，可能丢失数据
D:\storageVS2019_data\人机对战五子棋\Chess.cpp(163,39): warning C4244: “参数”: 从“float”转换到“const unsigned int”，可能丢失数据
D:\storageVS2019_data\人机对战五子棋\Chess.cpp(182,13): warning C4244: “初始化”: 从“double”转换到“float”，可能丢失数据
D:\storageVS2019_data\人机对战五子棋\Chess.cpp(183,13): warning C4244: “初始化”: 从“double”转换到“float”，可能丢失数据
D:\storageVS2019_data\人机对战五子棋\Chess.cpp(189,24): warning C4244: “参数”: 从“float”转换到“int”，可能丢失数据
D:\storageVS2019_data\人机对战五子棋\Chess.cpp(189,21): warning C4244: “参数”: 从“float”转换到“int”，可能丢失数据
D:\storageVS2019_data\人机对战五子棋\Chess.cpp(195,24): warning C4244: “参数”: 从“float”转换到“int”，可能丢失数据
D:\storageVS2019_data\人机对战五子棋\Chess.cpp(195,21): warning C4244: “参数”: 从“float”转换到“int”，可能丢失数据
D:\storageVS2019_data\人机对战五子棋\Chess.cpp(208,24): warning C4244: “参数”: 从“float”转换到“const unsigned int”，可能丢失数据
D:\storageVS2019_data\人机对战五子棋\Chess.cpp(208,34): warning C4244: “参数”: 从“float”转换到“const unsigned int”，可能丢失数据
D:\storageVS2019_data\人机对战五子棋\Chess.cpp(241,17): warning C4244: “参数”: 从“float”转换到“const unsigned int”，可能丢失数据
D:\storageVS2019_data\人机对战五子棋\Chess.cpp(241,27): warning C4244: “参数”: 从“float”转换到“const unsigned int”，可能丢失数据
D:\storageVS2019_data\人机对战五子棋\Chess.cpp(248,13): warning C4244: “初始化”: 从“float”转换到“int”，可能丢失数据
D:\storageVS2019_data\人机对战五子棋\Chess.cpp(249,13): warning C4244: “初始化”: 从“float”转换到“int”，可能丢失数据
  ChessGame.cpp
  Man.cpp
  main.cpp
  正在生成代码...
