  Chess.cpp
D:\storageVS2019_data\人机对战五子棋\Chess.cpp(108,16): warning C4244: “初始化”: 从“double”转换到“int”，可能丢失数据
D:\storageVS2019_data\人机对战五子棋\Chess.cpp(116,19): warning C4244: “=”: 从“double”转换到“int”，可能丢失数据
D:\storageVS2019_data\人机对战五子棋\Chess.cpp(120,24): warning C4244: “=”: 从“int”转换到“float”，可能丢失数据
D:\storageVS2019_data\人机对战五子棋\Chess.cpp(121,24): warning C4244: “=”: 从“int”转换到“float”，可能丢失数据
D:\storageVS2019_data\人机对战五子棋\Chess.cpp(122,29): warning C4244: “参数”: 从“float”转换到“const unsigned __int64”，可能丢失数据
D:\storageVS2019_data\人机对战五子棋\Chess.cpp(122,39): warning C4244: “参数”: 从“float”转换到“const unsigned __int64”，可能丢失数据
D:\storageVS2019_data\人机对战五子棋\Chess.cpp(130,16): warning C4244: “初始化”: 从“float”转换到“int”，可能丢失数据
D:\storageVS2019_data\人机对战五子棋\Chess.cpp(132,19): warning C4244: “=”: 从“double”转换到“int”，可能丢失数据
D:\storageVS2019_data\人机对战五子棋\Chess.cpp(135,24): warning C4244: “=”: 从“int”转换到“float”，可能丢失数据
D:\storageVS2019_data\人机对战五子棋\Chess.cpp(136,28): warning C4244: “=”: 从“int”转换到“float”，可能丢失数据
D:\storageVS2019_data\人机对战五子棋\Chess.cpp(137,29): warning C4244: “参数”: 从“float”转换到“const unsigned __int64”，可能丢失数据
D:\storageVS2019_data\人机对战五子棋\Chess.cpp(137,39): warning C4244: “参数”: 从“float”转换到“const unsigned __int64”，可能丢失数据
D:\storageVS2019_data\人机对战五子棋\Chess.cpp(146,26): warning C4244: “=”: 从“float”转换到“int”，可能丢失数据
D:\storageVS2019_data\人机对战五子棋\Chess.cpp(147,19): warning C4244: “=”: 从“double”转换到“int”，可能丢失数据
D:\storageVS2019_data\人机对战五子棋\Chess.cpp(150,28): warning C4244: “=”: 从“int”转换到“float”，可能丢失数据
D:\storageVS2019_data\人机对战五子棋\Chess.cpp(151,24): warning C4244: “=”: 从“int”转换到“float”，可能丢失数据
D:\storageVS2019_data\人机对战五子棋\Chess.cpp(152,29): warning C4244: “参数”: 从“float”转换到“const unsigned __int64”，可能丢失数据
D:\storageVS2019_data\人机对战五子棋\Chess.cpp(152,39): warning C4244: “参数”: 从“float”转换到“const unsigned __int64”，可能丢失数据
D:\storageVS2019_data\人机对战五子棋\Chess.cpp(160,26): warning C4244: “=”: 从“float”转换到“int”，可能丢失数据
D:\storageVS2019_data\人机对战五子棋\Chess.cpp(161,26): warning C4244: “=”: 从“float”转换到“int”，可能丢失数据
D:\storageVS2019_data\人机对战五子棋\Chess.cpp(162,19): warning C4244: “=”: 从“double”转换到“int”，可能丢失数据
D:\storageVS2019_data\人机对战五子棋\Chess.cpp(165,28): warning C4244: “=”: 从“int”转换到“float”，可能丢失数据
D:\storageVS2019_data\人机对战五子棋\Chess.cpp(166,28): warning C4244: “=”: 从“int”转换到“float”，可能丢失数据
D:\storageVS2019_data\人机对战五子棋\Chess.cpp(167,29): warning C4244: “参数”: 从“float”转换到“const unsigned __int64”，可能丢失数据
D:\storageVS2019_data\人机对战五子棋\Chess.cpp(167,39): warning C4244: “参数”: 从“float”转换到“const unsigned __int64”，可能丢失数据
D:\storageVS2019_data\人机对战五子棋\Chess.cpp(186,13): warning C4244: “初始化”: 从“double”转换到“float”，可能丢失数据
D:\storageVS2019_data\人机对战五子棋\Chess.cpp(187,13): warning C4244: “初始化”: 从“double”转换到“float”，可能丢失数据
D:\storageVS2019_data\人机对战五子棋\Chess.cpp(193,24): warning C4244: “参数”: 从“float”转换到“int”，可能丢失数据
D:\storageVS2019_data\人机对战五子棋\Chess.cpp(193,21): warning C4244: “参数”: 从“float”转换到“int”，可能丢失数据
D:\storageVS2019_data\人机对战五子棋\Chess.cpp(199,24): warning C4244: “参数”: 从“float”转换到“int”，可能丢失数据
D:\storageVS2019_data\人机对战五子棋\Chess.cpp(199,21): warning C4244: “参数”: 从“float”转换到“int”，可能丢失数据
D:\storageVS2019_data\人机对战五子棋\Chess.cpp(212,24): warning C4244: “参数”: 从“float”转换到“const unsigned __int64”，可能丢失数据
D:\storageVS2019_data\人机对战五子棋\Chess.cpp(212,34): warning C4244: “参数”: 从“float”转换到“const unsigned __int64”，可能丢失数据
D:\storageVS2019_data\人机对战五子棋\Chess.cpp(245,17): warning C4244: “参数”: 从“float”转换到“const unsigned __int64”，可能丢失数据
D:\storageVS2019_data\人机对战五子棋\Chess.cpp(245,27): warning C4244: “参数”: 从“float”转换到“const unsigned __int64”，可能丢失数据
D:\storageVS2019_data\人机对战五子棋\Chess.cpp(252,13): warning C4244: “初始化”: 从“float”转换到“int”，可能丢失数据
D:\storageVS2019_data\人机对战五子棋\Chess.cpp(253,13): warning C4244: “初始化”: 从“float”转换到“int”，可能丢失数据
  正在生成代码
  0 of 210 functions ( 0.0%) were compiled, the rest were copied from previous compilation.
    0 functions were new in current compilation
    0 functions had inline decision re-evaluated but remain unchanged
  已完成代码的生成
  人机对战五子棋.vcxproj -> D:\storageVS2019_data\人机对战五子棋\x64\Release\人机对战五子棋.exe
